This file contains any messages produced by compilers while
running configure, to aid debugging if configure makes a mistake.

It was created by libatomic_ops configure 7.2alpha6, which was
generated by GNU Autoconf 2.65.  Invocation command line was

  $ ./configure --disable-option-checking --prefix=/usr --enable-multibyte=utf-8 --cache-file=/dev/null --srcdir=.

## --------- ##
## Platform. ##
## --------- ##

hostname = scherzo
uname -m = x86_64
uname -r = 2.6.32-37-generic
uname -s = Linux
uname -v = #81-Ubuntu SMP Fri Dec 2 20:32:42 UTC 2011

/usr/bin/uname -p = unknown
/bin/uname -X     = unknown

/bin/arch              = unknown
/usr/bin/arch -k       = unknown
/usr/convex/getsysinfo = unknown
/usr/bin/hostinfo      = unknown
/bin/machine           = unknown
/usr/bin/oslevel       = unknown
/bin/universe          = unknown

PATH: /usr/local/bin
PATH: /usr/local/sbin
PATH: /usr/local/bin
PATH: /usr/sbin
PATH: /usr/bin
PATH: /sbin
PATH: /bin
PATH: /usr/games
PATH: /home/shiro/bin
PATH: /sbin
PATH: /usr/lib/jvm/java-6-sun/bin
PATH: /home/shiro/src/android-sdk-linux/tools


## ----------- ##
## Core tests. ##
## ----------- ##

configure:2073: checking build system type
configure:2087: result: x86_64-unknown-linux-gnu
configure:2107: checking host system type
configure:2120: result: x86_64-unknown-linux-gnu
configure:2140: checking target system type
configure:2153: result: x86_64-unknown-linux-gnu
configure:2196: checking for a BSD-compatible install
configure:2264: result: /usr/bin/install -c
configure:2275: checking whether build environment is sane
configure:2325: result: yes
configure:2466: checking for a thread-safe mkdir -p
configure:2505: result: /bin/mkdir -p
configure:2518: checking for gawk
configure:2534: found /usr/bin/gawk
configure:2545: result: gawk
configure:2556: checking whether make sets $(MAKE)
configure:2578: result: yes
configure:2701: checking for ranlib
configure:2717: found /usr/bin/ranlib
configure:2728: result: ranlib
configure:2767: checking for style of include used by make
configure:2795: result: GNU
configure:2865: checking for gcc
configure:2881: found /usr/bin/gcc
configure:2892: result: gcc
configure:3121: checking for C compiler version
configure:3130: gcc --version >&5
gcc (Ubuntu 4.4.3-4ubuntu5) 4.4.3
Copyright (C) 2009 Free Software Foundation, Inc.
This is free software; see the source for copying conditions.  There is NO
warranty; not even for MERCHANTABILITY or FITNESS FOR A PARTICULAR PURPOSE.

configure:3141: $? = 0
configure:3130: gcc -v >&5
Using built-in specs.
Target: x86_64-linux-gnu
Configured with: ../src/configure -v --with-pkgversion='Ubuntu 4.4.3-4ubuntu5' --with-bugurl=file:///usr/share/doc/gcc-4.4/README.Bugs --enable-languages=c,c++,fortran,objc,obj-c++ --prefix=/usr --enable-shared --enable-multiarch --enable-linker-build-id --with-system-zlib --libexecdir=/usr/lib --without-included-gettext --enable-threads=posix --with-gxx-include-dir=/usr/include/c++/4.4 --program-suffix=-4.4 --enable-nls --enable-clocale=gnu --enable-libstdcxx-debug --enable-plugin --enable-objc-gc --disable-werror --with-arch-32=i486 --with-tune=generic --enable-checking=release --build=x86_64-linux-gnu --host=x86_64-linux-gnu --target=x86_64-linux-gnu
Thread model: posix
gcc version 4.4.3 (Ubuntu 4.4.3-4ubuntu5) 
configure:3141: $? = 0
configure:3130: gcc -V >&5
gcc: '-V' option must have argument
configure:3141: $? = 1
configure:3130: gcc -qversion >&5
gcc: unrecognized option '-qversion'
gcc: no input files
configure:3141: $? = 1
configure:3161: checking whether the C compiler works
configure:3183: gcc    conftest.c  >&5
configure:3187: $? = 0
configure:3236: result: yes
configure:3239: checking for C compiler default output file name
configure:3241: result: a.out
configure:3247: checking for suffix of executables
configure:3254: gcc -o conftest    conftest.c  >&5
configure:3258: $? = 0
configure:3280: result: 
configure:3302: checking whether we are cross compiling
configure:3310: gcc -o conftest    conftest.c  >&5
configure:3314: $? = 0
configure:3321: ./conftest
configure:3325: $? = 0
configure:3340: result: no
configure:3345: checking for suffix of object files
configure:3367: gcc -c   conftest.c >&5
configure:3371: $? = 0
configure:3392: result: o
configure:3396: checking whether we are using the GNU C compiler
configure:3415: gcc -c   conftest.c >&5
configure:3415: $? = 0
configure:3424: result: yes
configure:3433: checking whether gcc accepts -g
configure:3453: gcc -c -g  conftest.c >&5
configure:3453: $? = 0
configure:3494: result: yes
configure:3511: checking for gcc option to accept ISO C89
configure:3575: gcc  -c -g -O2  conftest.c >&5
configure:3575: $? = 0
configure:3588: result: none needed
configure:3610: checking dependency style of gcc
configure:3720: result: gcc3
configure:3736: checking whether gcc and cc understand -c and -o together
configure:3767: gcc -c conftest.c -o conftest2.o >&5
configure:3771: $? = 0
configure:3777: gcc -c conftest.c -o conftest2.o >&5
configure:3781: $? = 0
configure:3792: cc -c conftest.c >&5
configure:3796: $? = 0
configure:3804: cc -c conftest.c -o conftest2.o >&5
configure:3808: $? = 0
configure:3814: cc -c conftest.c -o conftest2.o >&5
configure:3818: $? = 0
configure:3836: result: yes
configure:3870: checking dependency style of gcc
configure:3978: result: gcc3
configure:4001: checking how to run the C preprocessor
configure:4032: gcc -E  conftest.c
configure:4032: $? = 0
configure:4046: gcc -E  conftest.c
conftest.c:11:28: error: ac_nonexistent.h: No such file or directory
configure:4046: $? = 1
configure: failed program was:
| /* confdefs.h */
| #define PACKAGE_NAME "libatomic_ops"
| #define PACKAGE_TARNAME "libatomic_ops"
| #define PACKAGE_VERSION "7.2alpha6"
| #define PACKAGE_STRING "libatomic_ops 7.2alpha6"
| #define PACKAGE_BUGREPORT ""
| #define PACKAGE_URL ""
| #define PACKAGE "libatomic_ops"
| #define VERSION "7.2alpha6"
| /* end confdefs.h.  */
| #include <ac_nonexistent.h>
configure:4071: result: gcc -E
configure:4091: gcc -E  conftest.c
configure:4091: $? = 0
configure:4105: gcc -E  conftest.c
conftest.c:11:28: error: ac_nonexistent.h: No such file or directory
configure:4105: $? = 1
configure: failed program was:
| /* confdefs.h */
| #define PACKAGE_NAME "libatomic_ops"
| #define PACKAGE_TARNAME "libatomic_ops"
| #define PACKAGE_VERSION "7.2alpha6"
| #define PACKAGE_STRING "libatomic_ops 7.2alpha6"
| #define PACKAGE_BUGREPORT ""
| #define PACKAGE_URL ""
| #define PACKAGE "libatomic_ops"
| #define VERSION "7.2alpha6"
| /* end confdefs.h.  */
| #include <ac_nonexistent.h>
configure:4134: checking for grep that handles long lines and -e
configure:4192: result: /bin/grep
configure:4197: checking for egrep
configure:4259: result: /bin/grep -E
configure:4264: checking for ANSI C header files
configure:4284: gcc -c -g -O2  conftest.c >&5
configure:4284: $? = 0
configure:4357: gcc -o conftest -g -O2   conftest.c  >&5
configure:4357: $? = 0
configure:4357: ./conftest
configure:4357: $? = 0
configure:4368: result: yes
configure:4381: checking for sys/types.h
configure:4381: gcc -c -g -O2  conftest.c >&5
configure:4381: $? = 0
configure:4381: result: yes
configure:4381: checking for sys/stat.h
configure:4381: gcc -c -g -O2  conftest.c >&5
configure:4381: $? = 0
configure:4381: result: yes
configure:4381: checking for stdlib.h
configure:4381: gcc -c -g -O2  conftest.c >&5
configure:4381: $? = 0
configure:4381: result: yes
configure:4381: checking for string.h
configure:4381: gcc -c -g -O2  conftest.c >&5
configure:4381: $? = 0
configure:4381: result: yes
configure:4381: checking for memory.h
configure:4381: gcc -c -g -O2  conftest.c >&5
configure:4381: $? = 0
configure:4381: result: yes
configure:4381: checking for strings.h
configure:4381: gcc -c -g -O2  conftest.c >&5
configure:4381: $? = 0
configure:4381: result: yes
configure:4381: checking for inttypes.h
configure:4381: gcc -c -g -O2  conftest.c >&5
configure:4381: $? = 0
configure:4381: result: yes
configure:4381: checking for stdint.h
configure:4381: gcc -c -g -O2  conftest.c >&5
configure:4381: $? = 0
configure:4381: result: yes
configure:4381: checking for unistd.h
configure:4381: gcc -c -g -O2  conftest.c >&5
configure:4381: $? = 0
configure:4381: result: yes
configure:4400: checking for stdlib.h
configure:4400: result: yes
configure:4400: checking for unistd.h
configure:4400: result: yes
configure:4400: checking for sys/param.h
configure:4400: gcc -c -g -O2  conftest.c >&5
configure:4400: $? = 0
configure:4400: result: yes
configure:4421: checking for getpagesize
configure:4421: gcc -o conftest -g -O2   conftest.c  >&5
configure:4421: $? = 0
configure:4421: result: yes
configure:4430: checking for working mmap
configure:4577: gcc -o conftest -g -O2   conftest.c  >&5
configure:4577: $? = 0
configure:4577: ./conftest
configure:4577: $? = 0
configure:4587: result: yes
configure:4598: checking for ANSI C header files
configure:4702: result: yes
configure:4715: checking Determining PIC compiler flag
configure:4718: result: -fPIC
configure:4762: checking for pthread_self in -lpthread
configure:4787: gcc -o conftest -g -O2 -DNDEBUG   conftest.c -lpthread   >&5
configure:4787: $? = 0
configure:4796: result: yes
configure:4958: creating ./config.status

## ---------------------- ##
## Running config.status. ##
## ---------------------- ##

This file was extended by libatomic_ops config.status 7.2alpha6, which was
generated by GNU Autoconf 2.65.  Invocation command line was

  CONFIG_FILES    = 
  CONFIG_HEADERS  = 
  CONFIG_LINKS    = 
  CONFIG_COMMANDS = 
  $ ./config.status 

on scherzo

config.status:890: creating Makefile
config.status:890: creating src/Makefile
config.status:890: creating src/atomic_ops/Makefile
config.status:890: creating src/atomic_ops/sysdeps/Makefile
config.status:890: creating doc/Makefile
config.status:890: creating tests/Makefile
config.status:890: creating src/config.h
config.status:1062: src/config.h is unchanged
config.status:1110: executing depfiles commands
config.status:1110: executing default commands

## ---------------- ##
## Cache variables. ##
## ---------------- ##

ac_cv_build=x86_64-unknown-linux-gnu
ac_cv_c_compiler_gnu=yes
ac_cv_env_CCASFLAGS_set=
ac_cv_env_CCASFLAGS_value=
ac_cv_env_CCAS_set=
ac_cv_env_CCAS_value=
ac_cv_env_CC_set=
ac_cv_env_CC_value=
ac_cv_env_CFLAGS_set=
ac_cv_env_CFLAGS_value=
ac_cv_env_CPPFLAGS_set=
ac_cv_env_CPPFLAGS_value=
ac_cv_env_CPP_set=
ac_cv_env_CPP_value=
ac_cv_env_LDFLAGS_set=
ac_cv_env_LDFLAGS_value=
ac_cv_env_LIBS_set=
ac_cv_env_LIBS_value=
ac_cv_env_build_alias_set=
ac_cv_env_build_alias_value=
ac_cv_env_host_alias_set=
ac_cv_env_host_alias_value=
ac_cv_env_target_alias_set=
ac_cv_env_target_alias_value=
ac_cv_func_getpagesize=yes
ac_cv_func_mmap_fixed_mapped=yes
ac_cv_header_inttypes_h=yes
ac_cv_header_memory_h=yes
ac_cv_header_stdc=yes
ac_cv_header_stdint_h=yes
ac_cv_header_stdlib_h=yes
ac_cv_header_string_h=yes
ac_cv_header_strings_h=yes
ac_cv_header_sys_param_h=yes
ac_cv_header_sys_stat_h=yes
ac_cv_header_sys_types_h=yes
ac_cv_header_unistd_h=yes
ac_cv_host=x86_64-unknown-linux-gnu
ac_cv_lib_pthread_pthread_self=yes
ac_cv_objext=o
ac_cv_path_EGREP='/bin/grep -E'
ac_cv_path_GREP=/bin/grep
ac_cv_path_install='/usr/bin/install -c'
ac_cv_path_mkdir=/bin/mkdir
ac_cv_prog_AWK=gawk
ac_cv_prog_CPP='gcc -E'
ac_cv_prog_ac_ct_CC=gcc
ac_cv_prog_ac_ct_RANLIB=ranlib
ac_cv_prog_cc_c89=
ac_cv_prog_cc_g=yes
ac_cv_prog_cc_gcc_c_o=yes
ac_cv_prog_make_make_set=yes
ac_cv_target=x86_64-unknown-linux-gnu
am_cv_CCAS_dependencies_compiler_type=gcc3
am_cv_CC_dependencies_compiler_type=gcc3

## ----------------- ##
## Output variables. ##
## ----------------- ##

ACLOCAL='${SHELL} /home/shiro/src/Gauche/gc/libatomic_ops/missing --run aclocal-1.11'
AMDEPBACKSLASH='\'
AMDEP_FALSE='#'
AMDEP_TRUE=''
AMTAR='${SHELL} /home/shiro/src/Gauche/gc/libatomic_ops/missing --run tar'
AUTOCONF='${SHELL} /home/shiro/src/Gauche/gc/libatomic_ops/missing --run autoconf'
AUTOHEADER='${SHELL} /home/shiro/src/Gauche/gc/libatomic_ops/missing --run autoheader'
AUTOMAKE='${SHELL} /home/shiro/src/Gauche/gc/libatomic_ops/missing --run automake-1.11'
AWK='gawk'
CC='gcc'
CCAS='gcc'
CCASDEPMODE='depmode=gcc3'
CCASFLAGS='-g -O2'
CCDEPMODE='depmode=gcc3'
CFLAGS='-g -O2 -DNDEBUG'
CPP='gcc -E'
CPPFLAGS=''
CYGPATH_W='echo'
DEFS='-DHAVE_CONFIG_H'
DEPDIR='.deps'
ECHO_C=''
ECHO_N='-n'
ECHO_T=''
EGREP='/bin/grep -E'
EXEEXT=''
GREP='/bin/grep'
INSTALL_DATA='${INSTALL} -m 644'
INSTALL_PROGRAM='${INSTALL}'
INSTALL_SCRIPT='${INSTALL}'
INSTALL_STRIP_PROGRAM='$(install_sh) -c -s'
LDFLAGS=''
LIBOBJS=''
LIBS=''
LTLIBOBJS=''
MAKEINFO='${SHELL} /home/shiro/src/Gauche/gc/libatomic_ops/missing --run makeinfo'
MKDIR_P='/bin/mkdir -p'
NEED_ASM_FALSE=''
NEED_ASM_TRUE='#'
OBJEXT='o'
PACKAGE='libatomic_ops'
PACKAGE_BUGREPORT=''
PACKAGE_NAME='libatomic_ops'
PACKAGE_STRING='libatomic_ops 7.2alpha6'
PACKAGE_TARNAME='libatomic_ops'
PACKAGE_URL=''
PACKAGE_VERSION='7.2alpha6'
PATH_SEPARATOR=':'
PICFLAG='-fPIC'
RANLIB='ranlib'
SET_MAKE=''
SHELL='/bin/bash'
STRIP=''
THREADDLLIBS='-lpthread'
VERSION='7.2alpha6'
ac_ct_CC='gcc'
am__EXEEXT_FALSE=''
am__EXEEXT_TRUE='#'
am__fastdepCCAS_FALSE='#'
am__fastdepCCAS_TRUE=''
am__fastdepCC_FALSE='#'
am__fastdepCC_TRUE=''
am__include='include'
am__isrc=''
am__leading_dot='.'
am__quote=''
am__tar='${AMTAR} chof - "$$tardir"'
am__untar='${AMTAR} xf -'
bindir='${exec_prefix}/bin'
build='x86_64-unknown-linux-gnu'
build_alias=''
build_cpu='x86_64'
build_os='linux-gnu'
build_vendor='unknown'
datadir='${datarootdir}'
datarootdir='${prefix}/share'
docdir='${datarootdir}/doc/${PACKAGE_TARNAME}'
dvidir='${docdir}'
exec_prefix='${prefix}'
host='x86_64-unknown-linux-gnu'
host_alias=''
host_cpu='x86_64'
host_os='linux-gnu'
host_vendor='unknown'
htmldir='${docdir}'
includedir='${prefix}/include'
infodir='${datarootdir}/info'
install_sh='${SHELL} /home/shiro/src/Gauche/gc/libatomic_ops/install-sh'
libdir='${exec_prefix}/lib'
libexecdir='${exec_prefix}/libexec'
localedir='${datarootdir}/locale'
localstatedir='${prefix}/var'
mandir='${datarootdir}/man'
mkdir_p='/bin/mkdir -p'
oldincludedir='/usr/include'
pdfdir='${docdir}'
prefix='/usr'
program_transform_name='s,x,x,'
psdir='${docdir}'
sbindir='${exec_prefix}/sbin'
sharedstatedir='${prefix}/com'
sysconfdir='${prefix}/etc'
target='x86_64-unknown-linux-gnu'
target_alias=''
target_cpu='x86_64'
target_os='linux-gnu'
target_vendor='unknown'

## ----------- ##
## confdefs.h. ##
## ----------- ##

/* confdefs.h */
#define PACKAGE_NAME "libatomic_ops"
#define PACKAGE_TARNAME "libatomic_ops"
#define PACKAGE_VERSION "7.2alpha6"
#define PACKAGE_STRING "libatomic_ops 7.2alpha6"
#define PACKAGE_BUGREPORT ""
#define PACKAGE_URL ""
#define PACKAGE "libatomic_ops"
#define VERSION "7.2alpha6"
#define STDC_HEADERS 1
#define HAVE_SYS_TYPES_H 1
#define HAVE_SYS_STAT_H 1
#define HAVE_STDLIB_H 1
#define HAVE_STRING_H 1
#define HAVE_MEMORY_H 1
#define HAVE_STRINGS_H 1
#define HAVE_INTTYPES_H 1
#define HAVE_STDINT_H 1
#define HAVE_UNISTD_H 1
#define HAVE_STDLIB_H 1
#define HAVE_UNISTD_H 1
#define HAVE_SYS_PARAM_H 1
#define HAVE_GETPAGESIZE 1
#define HAVE_MMAP 1
#define STDC_HEADERS 1
#define _REENTRANT 1

configure: exit 0
